modules/IntentInterceptor/build/intermediates/manifest_merge_blame_file/release/processReleaseMainManifest/manifest-merger-blame-release-report.txt
1<?xml version="1.0" encoding="utf-8"?>
2<manifest xmlns:android="http://schemas.android.com/apk/res/android"
3    package="com.wobbz.module.intentinterceptor"
4    android:versionCode="1"
5    android:versionName="1.0.0" >
6
7    <uses-sdk
8        android:minSdkVersion="31"
9        android:targetSdkVersion="35" />
10
11    <!-- Permissions that might be needed by the module -->
12    <uses-permission android:name="android.permission.INTERNET" />
12-->src/main/AndroidManifest.xml:6:5-67
12-->src/main/AndroidManifest.xml:6:22-64
13
14    <permission
14-->[androidx.core:core:1.9.0] AndroidManifest.xml:22:5-24:47
15        android:name="com.wobbz.module.intentinterceptor.DYNAMIC_RECEIVER_NOT_EXPORTED_PERMISSION"
15-->[androidx.core:core:1.9.0] AndroidManifest.xml:23:9-81
16        android:protectionLevel="signature" />
16-->[androidx.core:core:1.9.0] AndroidManifest.xml:24:9-44
17
18    <uses-permission android:name="com.wobbz.module.intentinterceptor.DYNAMIC_RECEIVER_NOT_EXPORTED_PERMISSION" />
18-->[androidx.core:core:1.9.0] AndroidManifest.xml:26:5-97
18-->[androidx.core:core:1.9.0] AndroidManifest.xml:26:22-94
19
20    <application
20-->src/main/AndroidManifest.xml:8:5-41:19
21        android:allowBackup="true"
21-->src/main/AndroidManifest.xml:12:9-35
22        android:appComponentFactory="androidx.core.app.CoreComponentFactory"
22-->[androidx.core:core:1.9.0] AndroidManifest.xml:28:18-86
23        android:extractNativeLibs="false"
23-->src/main/AndroidManifest.xml:13:9-42
24        android:icon="@mipmap/ic_launcher"
24-->src/main/AndroidManifest.xml:10:9-43
25        android:label="@string/app_name"
25-->src/main/AndroidManifest.xml:9:9-41
26        android:theme="@android:style/Theme.DeviceDefault" >
26-->src/main/AndroidManifest.xml:11:9-59
27
28        <!-- Main launcher activity (optional - for modules that want a settings UI) -->
29        <activity
29-->src/main/AndroidManifest.xml:16:9-25:20
30            android:name="com.wobbz.module.intentinterceptor.MainActivity"
30-->src/main/AndroidManifest.xml:17:13-41
31            android:exported="true"
31-->src/main/AndroidManifest.xml:18:13-36
32            android:label="@string/app_name"
32-->src/main/AndroidManifest.xml:19:13-45
33            android:theme="@android:style/Theme.DeviceDefault.Settings" >
33-->src/main/AndroidManifest.xml:20:13-72
34            <intent-filter>
34-->src/main/AndroidManifest.xml:21:13-24:29
35                <action android:name="android.intent.action.MAIN" />
35-->src/main/AndroidManifest.xml:22:17-69
35-->src/main/AndroidManifest.xml:22:25-66
36
37                <category android:name="android.intent.category.LAUNCHER" />
37-->src/main/AndroidManifest.xml:23:17-77
37-->src/main/AndroidManifest.xml:23:27-74
38            </intent-filter>
39        </activity>
40
41        <!-- LSPosed module metadata -->
42        <meta-data
42-->src/main/AndroidManifest.xml:28:9-30:36
43            android:name="xposedmodule"
43-->src/main/AndroidManifest.xml:29:13-40
44            android:value="true" />
44-->src/main/AndroidManifest.xml:30:13-33
45        <meta-data
45-->src/main/AndroidManifest.xml:31:9-33:58
46            android:name="xposeddescription"
46-->src/main/AndroidManifest.xml:32:13-45
47            android:value="@string/module_description" />
47-->src/main/AndroidManifest.xml:33:13-55
48        <meta-data
48-->src/main/AndroidManifest.xml:34:9-36:34
49            android:name="xposedminversion"
49-->src/main/AndroidManifest.xml:35:13-44
50            android:value="93" />
50-->src/main/AndroidManifest.xml:36:13-31
51        <meta-data
51-->src/main/AndroidManifest.xml:37:9-39:54
52            android:name="xposedscope"
52-->src/main/AndroidManifest.xml:38:13-39
53            android:resource="@array/xposed_scope" />
53-->src/main/AndroidManifest.xml:39:13-51
54
55        <provider
55-->[androidx.emoji2:emoji2:1.2.0] AndroidManifest.xml:24:9-32:20
56            android:name="androidx.startup.InitializationProvider"
56-->[androidx.emoji2:emoji2:1.2.0] AndroidManifest.xml:25:13-67
57            android:authorities="com.wobbz.module.intentinterceptor.androidx-startup"
57-->[androidx.emoji2:emoji2:1.2.0] AndroidManifest.xml:26:13-68
58            android:exported="false" >
58-->[androidx.emoji2:emoji2:1.2.0] AndroidManifest.xml:27:13-37
59            <meta-data
59-->[androidx.emoji2:emoji2:1.2.0] AndroidManifest.xml:29:13-31:52
60                android:name="androidx.emoji2.text.EmojiCompatInitializer"
60-->[androidx.emoji2:emoji2:1.2.0] AndroidManifest.xml:30:17-75
61                android:value="androidx.startup" />
61-->[androidx.emoji2:emoji2:1.2.0] AndroidManifest.xml:31:17-49
62            <meta-data
62-->[androidx.lifecycle:lifecycle-process:2.6.0] AndroidManifest.xml:29:13-31:52
63                android:name="androidx.lifecycle.ProcessLifecycleInitializer"
63-->[androidx.lifecycle:lifecycle-process:2.6.0] AndroidManifest.xml:30:17-78
64                android:value="androidx.startup" />
64-->[androidx.lifecycle:lifecycle-process:2.6.0] AndroidManifest.xml:31:17-49
65            <meta-data
65-->[androidx.profileinstaller:profileinstaller:1.2.1] AndroidManifest.xml:30:13-32:52
66                android:name="androidx.profileinstaller.ProfileInstallerInitializer"
66-->[androidx.profileinstaller:profileinstaller:1.2.1] AndroidManifest.xml:31:17-85
67                android:value="androidx.startup" />
67-->[androidx.profileinstaller:profileinstaller:1.2.1] AndroidManifest.xml:32:17-49
68        </provider>
69
70        <uses-library
70-->[androidx.window:window:1.0.0] AndroidManifest.xml:25:9-27:40
71            android:name="androidx.window.extensions"
71-->[androidx.window:window:1.0.0] AndroidManifest.xml:26:13-54
72            android:required="false" />
72-->[androidx.window:window:1.0.0] AndroidManifest.xml:27:13-37
73        <uses-library
73-->[androidx.window:window:1.0.0] AndroidManifest.xml:28:9-30:40
74            android:name="androidx.window.sidecar"
74-->[androidx.window:window:1.0.0] AndroidManifest.xml:29:13-51
75            android:required="false" />
75-->[androidx.window:window:1.0.0] AndroidManifest.xml:30:13-37
76
77        <receiver
77-->[androidx.profileinstaller:profileinstaller:1.2.1] AndroidManifest.xml:35:9-47:20
78            android:name="androidx.profileinstaller.ProfileInstallReceiver"
78-->[androidx.profileinstaller:profileinstaller:1.2.1] AndroidManifest.xml:36:13-76
79            android:directBootAware="false"
79-->[androidx.profileinstaller:profileinstaller:1.2.1] AndroidManifest.xml:37:13-44
80            android:enabled="true"
80-->[androidx.profileinstaller:profileinstaller:1.2.1] AndroidManifest.xml:38:13-35
81            android:exported="true"
81-->[androidx.profileinstaller:profileinstaller:1.2.1] AndroidManifest.xml:39:13-36
82            android:permission="android.permission.DUMP" >
82-->[androidx.profileinstaller:profileinstaller:1.2.1] AndroidManifest.xml:40:13-57
83            <intent-filter>
83-->[androidx.profileinstaller:profileinstaller:1.2.1] AndroidManifest.xml:41:13-43:29
84                <action android:name="androidx.profileinstaller.action.INSTALL_PROFILE" />
84-->[androidx.profileinstaller:profileinstaller:1.2.1] AndroidManifest.xml:42:17-91
84-->[androidx.profileinstaller:profileinstaller:1.2.1] AndroidManifest.xml:42:25-88
85            </intent-filter>
86            <intent-filter>
86-->[androidx.profileinstaller:profileinstaller:1.2.1] AndroidManifest.xml:44:13-46:29
87                <action android:name="androidx.profileinstaller.action.SKIP_FILE" />
87-->[androidx.profileinstaller:profileinstaller:1.2.1] AndroidManifest.xml:45:17-85
87-->[androidx.profileinstaller:profileinstaller:1.2.1] AndroidManifest.xml:45:25-82
88            </intent-filter>
89        </receiver>
90    </application>
91
92</manifest>